<?xml version="1.0" encoding="UTF-8"?>
<!-- Generated by org.testng.reporters.JUnitReportReporter -->
<testsuite hostname="DESKTOP-T7MUJ4G" failures="0" tests="2" name="demo.TestNGDemoClass" time="31.860" errors="0" timestamp="2023-12-17T19:58:00 EST" skipped="0">
  <testcase classname="demo.TestNGDemoClass" name="GoogleTest" time="16.043"/>
  <testcase classname="demo.TestNGDemoClass" name="FacebookTest" time="15.817"/>
</testsuite> <!-- demo.TestNGDemoClass -->
